<?xml version="1.0" encoding="UTF-8"?>
<!-- Generated by org.testng.reporters.JUnitXMLReporter -->
<testsuite ignored="0" hostname="LAPTOP-NCS2GA8B" failures="0" tests="3" name="Test" time="0.069" errors="0" timestamp="2025-12-03T14:24:29 IST">
  <testcase classname="github.GithubPracticeTest" name="githubPractice" time="0.008"/>
  <testcase classname="jenkins.JenkinsPracticeTest" name="jenkinsPracticeTest" time="0.001"/>
  <testcase classname="maven.MavenPracticeTest" name="mavenPractice" time="0.001"/>
</testsuite> <!-- Test -->
