<?xml version="1.0" encoding="UTF-8"?>
<testng-results ignored="0" total="3" passed="3" failed="0" skipped="0">
  <reporter-output>
    <line>
      <![CDATA[Hii github]]>
    </line>
    <line>
      <![CDATA[Hii jenkinsc]]>
    </line>
    <line>
      <![CDATA[Hii maven]]>
    </line>
  </reporter-output>
  <suite started-at="2025-12-04T11:47:08 IST" name="Suite" finished-at="2025-12-04T11:47:08 IST" duration-ms="63">
    <groups>
    </groups>
    <test started-at="2025-12-04T11:47:08 IST" name="Test" finished-at="2025-12-04T11:47:08 IST" duration-ms="63">
      <class name="maven.MavenPracticeTest">
        <test-method signature="mavenPractice()[pri:0, instance:maven.MavenPracticeTest@428640fa]" started-at="2025-12-04T11:47:08 IST" name="mavenPractice" finished-at="2025-12-04T11:47:08 IST" duration-ms="1" status="PASS">
          <reporter-output>
            <line>
              <![CDATA[Hii maven]]>
            </line>
          </reporter-output>
        </test-method> <!-- mavenPractice -->
      </class> <!-- maven.MavenPracticeTest -->
      <class name="jenkins.JenkinsPracticeTest">
        <test-method signature="jenkinsPracticeTest()[pri:0, instance:jenkins.JenkinsPracticeTest@4c1909a3]" started-at="2025-12-04T11:47:08 IST" name="jenkinsPracticeTest" finished-at="2025-12-04T11:47:08 IST" duration-ms="1" status="PASS">
          <reporter-output>
            <line>
              <![CDATA[Hii jenkinsc]]>
            </line>
          </reporter-output>
        </test-method> <!-- jenkinsPracticeTest -->
      </class> <!-- jenkins.JenkinsPracticeTest -->
      <class name="github.GithubPracticeTest">
        <test-method signature="githubPractice()[pri:0, instance:github.GithubPracticeTest@82de64a]" started-at="2025-12-04T11:47:08 IST" name="githubPractice" finished-at="2025-12-04T11:47:08 IST" duration-ms="9" status="PASS">
          <reporter-output>
            <line>
              <![CDATA[Hii github]]>
            </line>
          </reporter-output>
        </test-method> <!-- githubPractice -->
      </class> <!-- github.GithubPracticeTest -->
    </test> <!-- Test -->
  </suite> <!-- Suite -->
</testng-results>
