<?xml version="1.0" encoding="UTF-8"?>
<!-- Generated by org.testng.reporters.JUnitReportReporter -->
<testsuite hostname="LAPTOP-NCS2GA8B" failures="0" tests="1" name="github.GithubPracticeTest" time="0.008" errors="0" timestamp="2025-12-03T14:24:29 IST" skipped="0">
  <testcase classname="github.GithubPracticeTest" name="githubPractice" time="0.008">
    <system-out>
      <![CDATA[Hii github]]>
    </system-out>
  </testcase> <!-- githubPractice -->
  <system-out>
    <![CDATA[Hii github
Hii jenkinsc
Hii maven]]>
  </system-out>
</testsuite> <!-- github.GithubPracticeTest -->
