<?xml version="1.0" encoding="UTF-8"?>
<!-- Generated by org.testng.reporters.JUnitReportReporter -->
<testsuite hostname="LAPTOP-NCS2GA8B" failures="0" tests="1" name="jenkins.JenkinsPracticeTest" time="0.001" errors="0" timestamp="2025-12-04T11:47:08 IST" skipped="0">
  <testcase classname="jenkins.JenkinsPracticeTest" name="jenkinsPracticeTest" time="0.001">
    <system-out>
      <![CDATA[Hii jenkinsc]]>
    </system-out>
  </testcase> <!-- jenkinsPracticeTest -->
  <system-out>
    <![CDATA[Hii github
Hii jenkinsc
Hii maven]]>
  </system-out>
</testsuite> <!-- jenkins.JenkinsPracticeTest -->
