<?xml version="1.0" encoding="UTF-8"?>
<!-- Generated by org.testng.reporters.JUnitReportReporter -->
<testsuite hostname="LAPTOP-NCS2GA8B" failures="0" tests="1" name="maven.MavenPracticeTest" time="0.001" errors="0" timestamp="2025-12-03T14:24:29 IST" skipped="0">
  <testcase classname="maven.MavenPracticeTest" name="mavenPractice" time="0.001">
    <system-out>
      <![CDATA[Hii maven]]>
    </system-out>
  </testcase> <!-- mavenPractice -->
  <system-out>
    <![CDATA[Hii github
Hii jenkinsc
Hii maven]]>
  </system-out>
</testsuite> <!-- maven.MavenPracticeTest -->
